<?xml version="1.0" encoding="UTF-8"?>
<!-- Generated by org.testng.reporters.JUnitReportReporter -->
<testsuite hostname="HBPTester" failures="0" tests="2" name="Lovya.triple.DBQuery" time="44.139" errors="0" timestamp="2025-01-31T16:52:57 IST" skipped="0">
  <testcase classname="Lovya.triple.DBQuery" name="login" time="18.991"/>
  <system-out/>
  <testcase classname="Lovya.triple.DBQuery" name="analyticsEngine" time="25.148"/>
  <system-out/>
</testsuite> <!-- Lovya.triple.DBQuery -->
