<?xml version="1.0" encoding="UTF-8"?>
<!-- Generated by org.testng.reporters.JUnitReportReporter -->
<testsuite hostname="HBPTester" failures="0" tests="2" name="Lovya.triple.DBQuery" time="42.940" errors="0" timestamp="2025-02-01T16:51:46 IST" skipped="0">
  <testcase classname="Lovya.triple.DBQuery" name="login" time="18.539"/>
  <system-out/>
  <testcase classname="Lovya.triple.DBQuery" name="analyticsEngine" time="24.401"/>
  <system-out/>
</testsuite> <!-- Lovya.triple.DBQuery -->
