<?xml version="1.0" encoding="UTF-8"?>
<!-- Generated by org.testng.reporters.JUnitReportReporter -->
<testsuite hostname="HBPTester" failures="0" tests="2" name="Lovya.triple.grw_shrk" time="96.078" errors="0" timestamp="2025-01-29T12:23:18 IST" skipped="0">
  <testcase classname="Lovya.triple.grw_shrk" name="Login" time="69.511"/>
  <system-out/>
  <testcase classname="Lovya.triple.grw_shrk" name="table" time="26.567"/>
  <system-out/>
</testsuite> <!-- Lovya.triple.grw_shrk -->
