<?xml version="1.0" encoding="UTF-8"?>
<!-- Generated by org.testng.reporters.JUnitReportReporter -->
<testsuite hostname="HBPTester" failures="0" tests="4" name="Lovya.triple.Scanning_autoqc" time="37.690" errors="0" timestamp="2025-02-03T16:10:58 IST" skipped="0">
  <testcase classname="Lovya.triple.Scanning_autoqc" name="Login" time="20.230"/>
  <system-out/>
  <testcase classname="Lovya.triple.Scanning_autoqc" name="table" time="15.843"/>
  <system-out/>
  <testcase classname="Lovya.triple.Scanning_autoqc" name="checkColorIndicator" time="0.128"/>
  <system-out/>
  <testcase classname="Lovya.triple.Scanning_autoqc" name="validateQCStatusAPI" time="1.489"/>
  <system-out/>
</testsuite> <!-- Lovya.triple.Scanning_autoqc -->
