<?xml version="1.0" encoding="UTF-8"?>
<!-- Generated by org.testng.reporters.JUnitReportReporter -->
<testsuite hostname="HBPTester" failures="0" tests="2" name="Lovya.triple.research" time="110.972" errors="0" timestamp="2025-01-30T14:30:39 IST" skipped="0">
  <testcase classname="Lovya.triple.research" name="login" time="24.924"/>
  <system-out/>
  <testcase classname="Lovya.triple.research" name="analyticsEngine" time="86.048"/>
  <system-out/>
</testsuite> <!-- Lovya.triple.research -->
