<?xml version="1.0" encoding="UTF-8"?>
<!-- Generated by org.testng.reporters.JUnitReportReporter -->
<testsuite hostname="HBPTester" failures="0" tests="3" name="Lovya.triple.GenerateLabels" time="78.916" errors="0" timestamp="2025-01-30T15:34:34 IST" skipped="0">
  <testcase classname="Lovya.triple.GenerateLabels" name="login" time="18.892"/>
  <system-out/>
  <testcase classname="Lovya.triple.GenerateLabels" name="table" time="21.088"/>
  <system-out/>
  <testcase classname="Lovya.triple.GenerateLabels" name="directDrawPage" time="38.936"/>
  <system-out/>
</testsuite> <!-- Lovya.triple.GenerateLabels -->
