<?xml version="1.0" encoding="UTF-8"?>
<!-- Generated by org.testng.reporters.JUnitReportReporter -->
<testsuite hostname="HBPTester" failures="0" tests="3" name="Lovya.triple.editbox" time="104.819" errors="0" timestamp="2025-02-01T20:08:50 IST" skipped="0">
  <testcase classname="Lovya.triple.editbox" name="Login" time="39.290"/>
  <system-out/>
  <testcase classname="Lovya.triple.editbox" name="table" time="14.035"/>
  <system-out/>
  <testcase classname="Lovya.triple.editbox" name="Direct_drawpage" time="51.494"/>
  <system-out/>
</testsuite> <!-- Lovya.triple.editbox -->
