<?xml version="1.0" encoding="UTF-8"?>
<!-- Generated by org.testng.reporters.JUnitReportReporter -->
<testsuite hostname="HBPTester" failures="0" tests="3" name="Lovya.triple.GenerateLabels" time="73.478" errors="0" timestamp="2025-01-30T14:09:52 IST" skipped="0">
  <testcase classname="Lovya.triple.GenerateLabels" name="login" time="22.696"/>
  <system-out/>
  <testcase classname="Lovya.triple.GenerateLabels" name="table" time="18.891"/>
  <system-out/>
  <testcase classname="Lovya.triple.GenerateLabels" name="directDrawPage" time="31.891"/>
  <system-out/>
</testsuite> <!-- Lovya.triple.GenerateLabels -->
