<?xml version="1.0" encoding="UTF-8"?>
<!-- Generated by org.testng.reporters.JUnitReportReporter -->
<testsuite hostname="HBPTester" failures="0" tests="2" name="Lovya.triple.statistics" time="52.623" errors="0" timestamp="2025-02-01T16:41:20 IST" skipped="0">
  <testcase classname="Lovya.triple.statistics" name="login" time="18.793"/>
  <system-out/>
  <testcase classname="Lovya.triple.statistics" name="analyticsEngine" time="33.830"/>
  <system-out/>
</testsuite> <!-- Lovya.triple.statistics -->
