<?xml version="1.0" encoding="UTF-8"?>
<!-- Generated by org.testng.reporters.JUnitReportReporter -->
<testsuite hostname="HBPTester" failures="0" tests="2" name="Lovya.triple.analyticsengine" time="42.298" errors="0" timestamp="2025-01-30T07:51:32 IST" skipped="0">
  <testcase classname="Lovya.triple.analyticsengine" name="login" time="19.452"/>
  <system-out/>
  <testcase classname="Lovya.triple.analyticsengine" name="analyticsEngine" time="22.846"/>
  <system-out/>
</testsuite> <!-- Lovya.triple.analyticsengine -->
