<?xml version="1.0" encoding="UTF-8"?>
<!-- Generated by org.testng.reporters.JUnitReportReporter -->
<testsuite hostname="HBPTester" failures="0" tests="10" name="Lovya.triple.editbox" time="227.466" errors="0" timestamp="2025-01-29T14:55:34 IST" skipped="0">
  <testcase classname="Lovya.triple.editbox" name="login" time="15.197"/>
  <system-out/>
  <testcase classname="Lovya.triple.editbox" name="series_set" time="32.380"/>
  <system-out/>
  <testcase classname="Lovya.triple.editbox" name="atlaseditor" time="14.690"/>
  <system-out/>
  <testcase classname="Lovya.triple.editbox" name="Editmenu" time="2.985"/>
  <system-out/>
  <testcase classname="Lovya.triple.editbox" name="contributor" time="5.168"/>
  <system-out/>
  <testcase classname="Lovya.triple.editbox" name="draw" time="3.186"/>
  <system-out/>
  <testcase classname="Lovya.triple.editbox" name="annotation" time="96.341"/>
  <system-out/>
  <testcase classname="Lovya.triple.editbox" name="geometry_Box" time="13.793"/>
  <system-out/>
  <testcase classname="Lovya.triple.editbox" name="Box_Edit" time="8.637"/>
  <system-out/>
  <testcase classname="Lovya.triple.editbox" name="Box_delete" time="35.089"/>
  <system-out/>
</testsuite> <!-- Lovya.triple.editbox -->
