<?xml version="1.0" encoding="UTF-8"?>
<!-- Generated by org.testng.reporters.JUnitReportReporter -->
<testsuite hostname="HBPTester" failures="0" tests="6" name="Lovya.triple.editbox$ShortcutKey_add" time="109.852" errors="0" timestamp="2025-01-31T11:29:20 IST" skipped="0">
  <testcase classname="Lovya.triple.editbox$ShortcutKey_add" name="Login" time="28.972"/>
  <system-out/>
  <testcase classname="Lovya.triple.editbox$ShortcutKey_add" name="table" time="12.539"/>
  <system-out/>
  <testcase classname="Lovya.triple.editbox$ShortcutKey_add" name="Direct_Draw_page" time="10.741"/>
  <system-out/>
  <testcase classname="Lovya.triple.editbox$ShortcutKey_add" name="search" time="10.662"/>
  <system-out/>
  <testcase classname="Lovya.triple.editbox$ShortcutKey_add" name="drawSquareInMiddle" time="21.057"/>
  <system-out/>
  <testcase classname="Lovya.triple.editbox$ShortcutKey_add" name="Saved" time="25.881"/>
  <system-out/>
</testsuite> <!-- Lovya.triple.editbox$ShortcutKey_add -->
