<?xml version="1.0" encoding="UTF-8"?>
<!-- Generated by org.testng.reporters.JUnitReportReporter -->
<testsuite hostname="HBPTester" failures="0" tests="2" name="Lovya.triple.research" time="151.911" errors="0" timestamp="2025-01-30T20:26:31 IST" skipped="0">
  <testcase classname="Lovya.triple.research" name="login" time="100.778"/>
  <system-out/>
  <testcase classname="Lovya.triple.research" name="analyticsEngine" time="51.133"/>
  <system-out/>
</testsuite> <!-- Lovya.triple.research -->
