<?xml version="1.0" encoding="UTF-8"?>
<!-- Generated by org.testng.reporters.JUnitReportReporter -->
<testsuite hostname="HBPTester" failures="0" tests="4" name="Lovya.triple.editbox$ShortcutKey_add" time="89.334" errors="0" timestamp="2025-01-29T15:31:50 IST" skipped="0">
  <testcase classname="Lovya.triple.editbox$ShortcutKey_add" name="Login" time="31.361"/>
  <system-out/>
  <testcase classname="Lovya.triple.editbox$ShortcutKey_add" name="table" time="20.513"/>
  <system-out/>
  <testcase classname="Lovya.triple.editbox$ShortcutKey_add" name="Direct_Draw_page" time="31.324"/>
  <system-out/>
  <testcase classname="Lovya.triple.editbox$ShortcutKey_add" name="search" time="6.136"/>
  <system-out/>
</testsuite> <!-- Lovya.triple.editbox$ShortcutKey_add -->
