<?xml version="1.0" encoding="UTF-8"?>
<!-- Generated by org.testng.reporters.JUnitReportReporter -->
<testsuite hostname="HBPTester" failures="0" tests="4" name="Lovya.triple.Tag_IT_Brain" time="68.425" errors="0" timestamp="2025-02-03T10:28:08 IST" skipped="0">
  <testcase classname="Lovya.triple.Tag_IT_Brain" name="login" time="9.701"/>
  <system-out/>
  <testcase classname="Lovya.triple.Tag_IT_Brain" name="brain_tag_it" time="32.784"/>
  <system-out/>
  <testcase classname="Lovya.triple.Tag_IT_Brain" name="tagIT_Search" time="14.445"/>
  <system-out/>
  <testcase classname="Lovya.triple.Tag_IT_Brain" name="viewer" time="11.495"/>
  <system-out/>
</testsuite> <!-- Lovya.triple.Tag_IT_Brain -->
