<?xml version="1.0" encoding="UTF-8"?>
<!-- Generated by org.testng.reporters.JUnitReportReporter -->
<testsuite hostname="HBPTester" failures="0" tests="4" name="Lovya.triple.analyticsengine" time="165.573" errors="0" timestamp="2025-02-01T20:13:11 IST" skipped="0">
  <testcase classname="Lovya.triple.analyticsengine" name="Login" time="42.932"/>
  <system-out/>
  <testcase classname="Lovya.triple.analyticsengine" name="table" time="12.384"/>
  <system-out/>
  <testcase classname="Lovya.triple.analyticsengine" name="contributor" time="103.199"/>
  <system-out/>
  <testcase classname="Lovya.triple.analyticsengine" name="vlaidate" time="7.058"/>
  <system-out/>
</testsuite> <!-- Lovya.triple.analyticsengine -->
